  Menu.c
C:\Users\elkay\source\repos\Final_Exam\Final_Exam\Menu.c(16,13): warning C4013: 'choise' undefined; assuming extern returning int
C:\Users\elkay\source\repos\Final_Exam\Final_Exam\Menu.c(32,11): warning C4098: 'menuLevel1': 'void' function returning a value
C:\Users\elkay\source\repos\Final_Exam\Final_Exam\Menu.c(85,11): warning C4098: 'menuLevel2': 'void' function returning a value
C:\Users\elkay\source\repos\Final_Exam\Final_Exam\Menu.c(147,11): warning C4098: 'menuLevel3': 'void' function returning a value
C:\Users\elkay\source\repos\Final_Exam\Final_Exam\Menu.c(236,21): warning C4047: 'function': 'char *' differs in levels of indirection from 'char (*)[10]'
C:\Users\elkay\source\repos\Final_Exam\Final_Exam\Menu.c(236,21): warning C4024: 'strcpy': different types for formal and actual parameter 1
C:\Users\elkay\source\repos\Final_Exam\Final_Exam\Menu.c(237,38): warning C4047: 'function': 'char *' differs in levels of indirection from 'char (*)[10]'
C:\Users\elkay\source\repos\Final_Exam\Final_Exam\Menu.c(237,38): warning C4024: 'ChooseType': different types for formal and actual parameter 2
C:\Users\elkay\source\repos\Final_Exam\Final_Exam\Menu.c(242,21): warning C4047: 'function': 'char *' differs in levels of indirection from 'char (*)[10]'
C:\Users\elkay\source\repos\Final_Exam\Final_Exam\Menu.c(242,21): warning C4024: 'strcpy': different types for formal and actual parameter 1
C:\Users\elkay\source\repos\Final_Exam\Final_Exam\Menu.c(243,37): warning C4047: 'function': 'char *' differs in levels of indirection from 'char (*)[10]'
C:\Users\elkay\source\repos\Final_Exam\Final_Exam\Menu.c(243,37): warning C4024: 'ChooseType': different types for formal and actual parameter 2
C:\Users\elkay\source\repos\Final_Exam\Final_Exam\Menu.c(258,59): warning C4047: 'function': 'char *' differs in levels of indirection from 'char (*)[10]'
C:\Users\elkay\source\repos\Final_Exam\Final_Exam\Menu.c(258,59): warning C4024: 'validate_textfield': different types for formal and actual parameter 4
C:\Users\elkay\source\repos\Final_Exam\Final_Exam\Menu.c(308,49): warning C4047: 'function': 'char *' differs in levels of indirection from 'char (*)[10]'
C:\Users\elkay\source\repos\Final_Exam\Final_Exam\Menu.c(308,49): warning C4024: 'strcompare': different types for formal and actual parameter 2
C:\Users\elkay\source\repos\Final_Exam\Final_Exam\Menu.c(308,90): warning C4047: 'function': 'char *' differs in levels of indirection from 'char (*)[10]'
C:\Users\elkay\source\repos\Final_Exam\Final_Exam\Menu.c(308,90): warning C4024: 'strcompare': different types for formal and actual parameter 2
C:\Users\elkay\source\repos\Final_Exam\Final_Exam\Menu.c(401,14): warning C4013: 'validateDate' undefined; assuming extern returning int
C:\Users\elkay\source\repos\Final_Exam\Final_Exam\Menu.c(448,17): warning C4013: 'cheackDate' undefined; assuming extern returning int
C:\Users\elkay\source\repos\Final_Exam\Final_Exam\Menu.c(627,67): warning C4047: 'function': 'const char *' differs in levels of indirection from 'char (*)[10]'
C:\Users\elkay\source\repos\Final_Exam\Final_Exam\Menu.c(627,67): warning C4024: 'strcpy': different types for formal and actual parameter 2
C:\Users\elkay\source\repos\Final_Exam\Final_Exam\Menu.c(630,70): warning C4047: 'function': 'const char *' differs in levels of indirection from 'char (*)[10]'
C:\Users\elkay\source\repos\Final_Exam\Final_Exam\Menu.c(630,70): warning C4024: 'strcpy': different types for formal and actual parameter 2
  Users.c
C:\Users\elkay\source\repos\Final_Exam\Final_Exam\Menu.c(678,1): warning C4305: 'initializing': truncation from 'double' to 'float'
C:\Users\elkay\source\repos\Final_Exam\Final_Exam\Users.c(59,8): warning C4013: 'system' undefined; assuming extern returning int
C:\Users\elkay\source\repos\Final_Exam\Final_Exam\Users.c(90,27): warning C4047: 'function': 'char *' differs in levels of indirection from 'char (*)[15]'
C:\Users\elkay\source\repos\Final_Exam\Final_Exam\Users.c(90,27): warning C4024: 'insert_username': different types for formal and actual parameter 1
C:\Users\elkay\source\repos\Final_Exam\Final_Exam\Users.c(91,35): warning C4047: 'function': 'char *' differs in levels of indirection from 'char (*)[15]'
C:\Users\elkay\source\repos\Final_Exam\Final_Exam\Users.c(91,35): warning C4024: 'check_if_username_exist': different types for formal and actual parameter 1
C:\Users\elkay\source\repos\Final_Exam\Final_Exam\Users.c(174,54): warning C4047: 'function': 'const char *' differs in levels of indirection from 'char (*)[15]'
C:\Users\elkay\source\repos\Final_Exam\Final_Exam\Users.c(174,54): warning C4024: 'strcpy': different types for formal and actual parameter 2
C:\Users\elkay\source\repos\Final_Exam\Final_Exam\Users.c(230,23): warning C4047: 'function': 'char *' differs in levels of indirection from 'char (*)[15]'
C:\Users\elkay\source\repos\Final_Exam\Final_Exam\Users.c(230,23): warning C4024: 'read_users': different types for formal and actual parameter 1
C:\Users\elkay\source\repos\Final_Exam\Final_Exam\Users.c(230,34): warning C4047: 'function': 'char *' differs in levels of indirection from 'char (*)[15]'
C:\Users\elkay\source\repos\Final_Exam\Final_Exam\Users.c(230,34): warning C4024: 'read_users': different types for formal and actual parameter 2
C:\Users\elkay\source\repos\Final_Exam\Final_Exam\Users.c(231,30): warning C4047: 'function': 'char *' differs in levels of indirection from 'char (*)[15]'
C:\Users\elkay\source\repos\Final_Exam\Final_Exam\Users.c(231,30): warning C4024: 'validate_user': different types for formal and actual parameter 1
C:\Users\elkay\source\repos\Final_Exam\Final_Exam\Users.c(231,41): warning C4047: 'function': 'char *' differs in levels of indirection from 'char (*)[15]'
  Generating Code...
C:\Users\elkay\source\repos\Final_Exam\Final_Exam\Users.c(231,41): warning C4024: 'validate_user': different types for formal and actual parameter 2
C:\Users\elkay\source\repos\Final_Exam\Final_Exam\Users.c(71): warning C4715: 'add_user': not all control paths return a value
C:\Users\elkay\source\repos\Final_Exam\Final_Exam\Users.c(119): warning C4715: 'check_if_username_exist': not all control paths return a value
C:\Users\elkay\source\repos\Final_Exam\Final_Exam\Users.c(140): warning C4715: 'delete_user': not all control paths return a value
C:\Users\elkay\source\repos\Final_Exam\Final_Exam\Menu.c(251): warning C4715: 'search_by_1_text_field': not all control paths return a value
C:\Users\elkay\source\repos\Final_Exam\Final_Exam\Menu.c(422): warning C4716: 'validateDate': must return a value
C:\Users\elkay\source\repos\Final_Exam\Final_Exam\Menu.c(536): warning C4715: 'scanBool': not all control paths return a value
C:\Users\elkay\source\repos\Final_Exam\Final_Exam\Menu.c(643): warning C4716: 'updateIsDamaged': must return a value
  Final_Exam.vcxproj -> C:\Users\elkay\source\repos\Final_Exam\Debug\Final_Exam.exe
